{"total": {"lines":{"total":186,"covered":185,"skipped":0,"pct":99.46},"statements":{"total":186,"covered":185,"skipped":0,"pct":99.46},"functions":{"total":16,"covered":16,"skipped":0,"pct":100},"branches":{"total":129,"covered":118,"skipped":0,"pct":91.47},"branchesTrue":{"total":0,"covered":0,"skipped":0,"pct":"Unknown"}}
,"C:\\Works\\GitProj\\KodaX-AI\\KodaX\\packages\\repl\\src\\session\\identity-repair.ts": {"lines":{"total":186,"covered":185,"skipped":0,"pct":99.46},"functions":{"total":16,"covered":16,"skipped":0,"pct":100},"statements":{"total":186,"covered":185,"skipped":0,"pct":99.46},"branches":{"total":129,"covered":118,"skipped":0,"pct":91.47}}
}
